* using log directory ‘/home/kirk/Documents/Projects/RProjects/iForm/iForm.Rcheck’
* using R version 3.4.2 (2017-09-28)
* using platform: x86_64-pc-linux-gnu (64-bit)
* using session charset: UTF-8
* using option ‘--as-cran’
* checking for file ‘iForm/DESCRIPTION’ ... OK
* checking extension type ... Package
* this is package ‘iForm’ version ‘1.0’
* checking CRAN incoming feasibility ... NOTE
Maintainer: ‘Kirk Gosik <kgosik@broadinstitute.org>’

New submission

No package encoding and non-ASCII characters in the following R files:
  R/iForm.R
    6: #' @param formula an object of class "formula" (or one that can be coerced to that class): a symbolic description of the model to be fitted. The details of model specification are given under <e2><80><98>Details<e2><80><99>.

The Date field is over a month old.
* checking package namespace information ... OK
* checking package dependencies ... OK
* checking if this is a source package ... OK
* checking if there is a namespace ... OK
* checking for executable files ... OK
* checking for hidden files and directories ... OK
* checking for portable file names ... WARNING
Found the following files with non-portable file names:
  xxArchive/Code Space.R
  xxArchive/Work Space.R
These are not fully portable file names.
See section ‘Package structure’ in the ‘Writing R Extensions’ manual.
* checking for sufficient/correct file permissions ... OK
* checking whether package ‘iForm’ can be installed ... OK
* checking installed package size ... OK
* checking package directory ... OK
* checking DESCRIPTION meta-information ... OK
* checking top-level files ... NOTE
Files ‘README.md’ or ‘NEWS.md’ cannot be checked without ‘pandoc’ being installed.
Non-standard files/directories found at top level:
  ‘iForm_Use_Examples.html’ ‘xxArchive’
* checking for left-over files ... OK
* checking index information ... OK
* checking package subdirectories ... OK
* checking R files for non-ASCII characters ... OK
* checking R files for syntax errors ... OK
* checking whether the package can be loaded ... OK
* checking whether the package can be loaded with stated dependencies ... OK
* checking whether the package can be unloaded cleanly ... OK
* checking whether the namespace can be loaded with stated dependencies ... OK
* checking whether the namespace can be unloaded cleanly ... OK
* checking loading without being on the library search path ... OK
* checking use of S3 registration ... OK
* checking dependencies in R code ... OK
* checking S3 generic/method consistency ... OK
* checking replacement functions ... OK
* checking foreign function calls ... OK
* checking R code for possible problems ... NOTE
iForm: no visible global function definition for ‘model.frame’
iformselect: no visible global function definition for ‘combn’
iformselect : <anonymous>: no visible global function definition for
  ‘combn’
iformselect: no visible global function definition for ‘as.formula’
Undefined global functions or variables:
  as.formula combn model.frame
Consider adding
  importFrom("stats", "as.formula", "model.frame")
  importFrom("utils", "combn")
to your NAMESPACE file.
* checking Rd files ... OK
* checking Rd metadata ... OK
* checking Rd line widths ... OK
* checking Rd cross-references ... OK
* checking for missing documentation entries ... OK
* checking for code/documentation mismatches ... WARNING
Codoc mismatches from documentation object 'iForm':
iForm
  Code: function(formula, data, strong = TRUE, higher_order = FALSE)
  Docs: function(data, response)
  Argument names in code not in docs:
    formula strong higher_order
  Argument names in docs not in code:
    response
  Mismatches in argument names:
    Position: 1 Code: formula Docs: data
    Position: 2 Code: data Docs: response

* checking Rd \usage sections ... OK
* checking Rd contents ... OK
* checking for unstated dependencies in examples ... OK
* checking examples ... NONE
* checking PDF version of manual ... WARNING
LaTeX errors when creating PDF version.
This typically indicates Rd problems.
* checking PDF version of manual without hyperrefs or index ... OK
* checking for code which exercises the package ... WARNING
No examples, no tests, no vignettes
* DONE
Status: 4 WARNINGs, 3 NOTEs
